{"/mnt/c/코딩공부자료/onlyJoy-project/onlyJoy/src/services/loadfootballMatch.js": {"path":"/mnt/c/코딩공부자료/onlyJoy-project/onlyJoy/src/services/loadfootballMatch.js","statementMap":{"0":{"start":{"line":2,"column":2},"end":{"line":2,"column":15}},"1":{"start":{"line":5,"column":0},"end":{"line":5,"column":35}}},"fnMap":{"0":{"name":"loadFootballMatch","decl":{"start":{"line":1,"column":9},"end":{"line":1,"column":26}},"loc":{"start":{"line":1,"column":33},"end":{"line":3,"column":1}},"line":1}},"branchMap":{},"s":{"0":1,"1":1},"f":{"0":1},"b":{},"_coverageSchema":"1a1c01bbd47fc00a2c39e90264f33305004495a9","hash":"73855eaeb2bfbb8b740a4bfa49dbf0d15863a82d"}
}
